{"C:\\dev\\DuckMap\\backend\\src\\app.ts": {"path":"C:\\dev\\DuckMap\\backend\\src\\app.ts","statementMap":{"0":{"start":{"line":2,"column":0},"end":{"line":2,"column":30}},"1":{"start":{"line":3,"column":0},"end":{"line":3,"column":28}},"2":{"start":{"line":4,"column":0},"end":{"line":4,"column":69}},"3":{"start":{"line":5,"column":0},"end":{"line":5,"column":22}},"4":{"start":{"line":6,"column":0},"end":{"line":6,"column":24}},"5":{"start":{"line":7,"column":0},"end":{"line":7,"column":24}},"6":{"start":{"line":8,"column":0},"end":{"line":8,"column":63}},"7":{"start":{"line":9,"column":0},"end":{"line":9,"column":65}},"8":{"start":{"line":10,"column":0},"end":{"line":10,"column":47}},"9":{"start":{"line":11,"column":0},"end":{"line":11,"column":63}},"10":{"start":{"line":13,"column":18},"end":{"line":13,"column":55}},"11":{"start":{"line":15,"column":12},"end":{"line":15,"column":21}},"12":{"start":{"line":17,"column":0},"end":{"line":17,"column":18}},"13":{"start":{"line":18,"column":0},"end":{"line":25,"column":2}},"14":{"start":{"line":27,"column":0},"end":{"line":31,"column":2}},"15":{"start":{"line":33,"column":0},"end":{"line":33,"column":24}},"16":{"start":{"line":34,"column":0},"end":{"line":34,"column":26}},"17":{"start":{"line":35,"column":0},"end":{"line":39,"column":2}},"18":{"start":{"line":42,"column":0},"end":{"line":55,"column":null}},"19":{"start":{"line":43,"column":2},"end":{"line":43,"column":72}},"20":{"start":{"line":45,"column":22},"end":{"line":53,"column":4}},"21":{"start":{"line":54,"column":2},"end":{"line":54,"column":29}},"22":{"start":{"line":57,"column":0},"end":{"line":61,"column":null}},"23":{"start":{"line":58,"column":2},"end":{"line":60,"column":5}},"24":{"start":{"line":59,"column":4},"end":{"line":59,"column":34}},"25":{"start":{"line":63,"column":0},"end":{"line":63,"column":33}},"26":{"start":{"line":65,"column":0},"end":{"line":67,"column":3}},"27":{"start":{"line":66,"column":2},"end":{"line":66,"column":75}},"28":{"start":{"line":69,"column":0},"end":{"line":71,"column":3}},"29":{"start":{"line":70,"column":2},"end":{"line":70,"column":75}},"30":{"start":{"line":73,"column":0},"end":{"line":73,"column":22}},"31":{"start":{"line":75,"column":0},"end":{"line":75,"column":19}}},"fnMap":{"0":{"name":"(anonymous_1)","decl":{"start":{"line":58,"column":10},"end":{"line":58,"column":11}},"loc":{"start":{"line":58,"column":62},"end":{"line":60,"column":3}}},"1":{"name":"(anonymous_2)","decl":{"start":{"line":65,"column":15},"end":{"line":65,"column":16}},"loc":{"start":{"line":65,"column":47},"end":{"line":67,"column":1}}},"2":{"name":"(anonymous_3)","decl":{"start":{"line":69,"column":13},"end":{"line":69,"column":14}},"loc":{"start":{"line":69,"column":65},"end":{"line":71,"column":1}}}},"branchMap":{"0":{"loc":{"start":{"line":42,"column":0},"end":{"line":55,"column":null}},"type":"if","locations":[{"start":{"line":42,"column":0},"end":{"line":55,"column":null}},{"start":{"line":44,"column":7},"end":{"line":55,"column":null}}]},"1":{"loc":{"start":{"line":57,"column":0},"end":{"line":61,"column":null}},"type":"if","locations":[{"start":{"line":57,"column":0},"end":{"line":61,"column":null}}]}},"s":{"0":0,"1":0,"2":0,"3":0,"4":0,"5":0,"6":0,"7":0,"8":0,"9":0,"10":0,"11":0,"12":0,"13":0,"14":0,"15":0,"16":0,"17":0,"18":0,"19":0,"20":0,"21":0,"22":0,"23":0,"24":0,"25":0,"26":0,"27":0,"28":0,"29":0,"30":0,"31":0},"f":{"0":0,"1":0,"2":0},"b":{"0":[0,0],"1":[0]}}
,"C:\\dev\\DuckMap\\backend\\src\\server.ts": {"path":"C:\\dev\\DuckMap\\backend\\src\\server.ts","statementMap":{"0":{"start":{"line":1,"column":0},"end":{"line":1,"column":50}},"1":{"start":{"line":3,"column":0},"end":{"line":6,"column":3}},"2":{"start":{"line":4,"column":2},"end":{"line":4,"column":61}},"3":{"start":{"line":5,"column":2},"end":{"line":5,"column":18}},"4":{"start":{"line":8,"column":0},"end":{"line":8,"column":24}},"5":{"start":{"line":10,"column":13},"end":{"line":10,"column":37}},"6":{"start":{"line":12,"column":15},"end":{"line":14,"column":2}},"7":{"start":{"line":13,"column":2},"end":{"line":13,"column":52}},"8":{"start":{"line":16,"column":0},"end":{"line":21,"column":3}},"9":{"start":{"line":17,"column":2},"end":{"line":17,"column":44}},"10":{"start":{"line":18,"column":2},"end":{"line":20,"column":5}},"11":{"start":{"line":19,"column":4},"end":{"line":19,"column":20}}},"fnMap":{"0":{"name":"(anonymous_1)","decl":{"start":{"line":3,"column":32},"end":{"line":3,"column":33}},"loc":{"start":{"line":3,"column":47},"end":{"line":6,"column":1}}},"1":{"name":"(anonymous_2)","decl":{"start":{"line":12,"column":32},"end":{"line":12,"column":35}},"loc":{"start":{"line":12,"column":37},"end":{"line":14,"column":1}}},"2":{"name":"(anonymous_3)","decl":{"start":{"line":16,"column":33},"end":{"line":16,"column":34}},"loc":{"start":{"line":16,"column":48},"end":{"line":21,"column":1}}},"3":{"name":"(anonymous_4)","decl":{"start":{"line":18,"column":15},"end":{"line":18,"column":18}},"loc":{"start":{"line":18,"column":20},"end":{"line":20,"column":3}}}},"branchMap":{"0":{"loc":{"start":{"line":10,"column":13},"end":{"line":10,"column":37}},"type":"binary-expr","locations":[{"start":{"line":10,"column":13},"end":{"line":10,"column":29}},{"start":{"line":10,"column":33},"end":{"line":10,"column":37}}]}},"s":{"0":0,"1":0,"2":0,"3":0,"4":0,"5":0,"6":0,"7":0,"8":0,"9":0,"10":0,"11":0},"f":{"0":0,"1":0,"2":0,"3":0},"b":{"0":[0,0]}}
,"C:\\dev\\DuckMap\\backend\\src\\api\\duck\\duckController.ts": {"path":"C:\\dev\\DuckMap\\backend\\src\\api\\duck\\duckController.ts","statementMap":{"0":{"start":{"line":1,"column":0},"end":{"line":1,"column":64}},"1":{"start":{"line":3,"column":13},"end":{"line":12,"column":3}},"2":{"start":{"line":4,"column":23},"end":{"line":4,"column":25}},"3":{"start":{"line":6,"column":2},"end":{"line":11,"column":5}}},"fnMap":{"0":{"name":"(anonymous_0)","decl":{"start":{"line":3,"column":42},"end":{"line":3,"column":47}},"loc":{"start":{"line":3,"column":67},"end":{"line":12,"column":1}}}},"branchMap":{},"s":{"0":0,"1":0,"2":0,"3":0},"f":{"0":0},"b":{}}
,"C:\\dev\\DuckMap\\backend\\src\\api\\duck\\duckRouter.ts": {"path":"C:\\dev\\DuckMap\\backend\\src\\api\\duck\\duckRouter.ts","statementMap":{"0":{"start":{"line":1,"column":0},"end":{"line":1,"column":30}},"1":{"start":{"line":2,"column":0},"end":{"line":2,"column":44}},"2":{"start":{"line":4,"column":15},"end":{"line":4,"column":31}},"3":{"start":{"line":6,"column":0},"end":{"line":6,"column":26}},"4":{"start":{"line":8,"column":0},"end":{"line":8,"column":22}}},"fnMap":{},"branchMap":{},"s":{"0":0,"1":0,"2":0,"3":0,"4":0},"f":{},"b":{}}
,"C:\\dev\\DuckMap\\backend\\src\\middlewares\\htmlSanitizerMiddleware.ts": {"path":"C:\\dev\\DuckMap\\backend\\src\\middlewares\\htmlSanitizerMiddleware.ts","statementMap":{"0":{"start":{"line":1,"column":0},"end":{"line":1,"column":41}},"1":{"start":{"line":4,"column":25},"end":{"line":41,"column":1}},"2":{"start":{"line":5,"column":19},"end":{"line":5,"column":22}},"3":{"start":{"line":6,"column":21},"end":{"line":6,"column":24}},"4":{"start":{"line":7,"column":20},"end":{"line":7,"column":23}},"5":{"start":{"line":9,"column":2},"end":{"line":22,"column":null}},"6":{"start":{"line":11,"column":25},"end":{"line":19,"column":5}},"7":{"start":{"line":12,"column":6},"end":{"line":18,"column":null}},"8":{"start":{"line":13,"column":8},"end":{"line":17,"column":null}},"9":{"start":{"line":14,"column":10},"end":{"line":14,"column":56}},"10":{"start":{"line":15,"column":15},"end":{"line":17,"column":null}},"11":{"start":{"line":16,"column":10},"end":{"line":16,"column":34}},"12":{"start":{"line":21,"column":4},"end":{"line":21,"column":23}},"13":{"start":{"line":24,"column":2},"end":{"line":30,"column":null}},"14":{"start":{"line":25,"column":4},"end":{"line":29,"column":null}},"15":{"start":{"line":26,"column":6},"end":{"line":28,"column":null}},"16":{"start":{"line":27,"column":8},"end":{"line":27,"column":58}},"17":{"start":{"line":32,"column":2},"end":{"line":38,"column":null}},"18":{"start":{"line":33,"column":4},"end":{"line":37,"column":null}},"19":{"start":{"line":34,"column":6},"end":{"line":36,"column":null}},"20":{"start":{"line":35,"column":8},"end":{"line":35,"column":56}},"21":{"start":{"line":40,"column":2},"end":{"line":40,"column":9}},"22":{"start":{"line":43,"column":0},"end":{"line":43,"column":32}}},"fnMap":{"0":{"name":"(anonymous_1)","decl":{"start":{"line":4,"column":25},"end":{"line":4,"column":30}},"loc":{"start":{"line":4,"column":83},"end":{"line":41,"column":1}}},"1":{"name":"(anonymous_2)","decl":{"start":{"line":11,"column":25},"end":{"line":11,"column":26}},"loc":{"start":{"line":11,"column":39},"end":{"line":19,"column":5}}}},"branchMap":{"0":{"loc":{"start":{"line":9,"column":2},"end":{"line":22,"column":null}},"type":"if","locations":[{"start":{"line":9,"column":2},"end":{"line":22,"column":null}}]},"1":{"loc":{"start":{"line":13,"column":8},"end":{"line":17,"column":null}},"type":"if","locations":[{"start":{"line":13,"column":8},"end":{"line":17,"column":null}},{"start":{"line":15,"column":15},"end":{"line":17,"column":null}}]},"2":{"loc":{"start":{"line":15,"column":15},"end":{"line":17,"column":null}},"type":"if","locations":[{"start":{"line":15,"column":15},"end":{"line":17,"column":null}}]},"3":{"loc":{"start":{"line":24,"column":2},"end":{"line":30,"column":null}},"type":"if","locations":[{"start":{"line":24,"column":2},"end":{"line":30,"column":null}}]},"4":{"loc":{"start":{"line":26,"column":6},"end":{"line":28,"column":null}},"type":"if","locations":[{"start":{"line":26,"column":6},"end":{"line":28,"column":null}}]},"5":{"loc":{"start":{"line":32,"column":2},"end":{"line":38,"column":null}},"type":"if","locations":[{"start":{"line":32,"column":2},"end":{"line":38,"column":null}}]},"6":{"loc":{"start":{"line":34,"column":6},"end":{"line":36,"column":null}},"type":"if","locations":[{"start":{"line":34,"column":6},"end":{"line":36,"column":null}}]}},"s":{"0":0,"1":0,"2":0,"3":0,"4":0,"5":0,"6":0,"7":0,"8":0,"9":0,"10":0,"11":0,"12":0,"13":0,"14":0,"15":0,"16":0,"17":0,"18":0,"19":0,"20":0,"21":0,"22":0},"f":{"0":0,"1":0},"b":{"0":[0],"1":[0,0],"2":[0],"3":[0],"4":[0],"5":[0],"6":[0]}}
,"C:\\dev\\DuckMap\\backend\\src\\middlewares\\loggerMiddleware.ts": {"path":"C:\\dev\\DuckMap\\backend\\src\\middlewares\\loggerMiddleware.ts","statementMap":{"0":{"start":{"line":2,"column":0},"end":{"line":2,"column":61}},"1":{"start":{"line":3,"column":0},"end":{"line":3,"column":51}},"2":{"start":{"line":5,"column":13},"end":{"line":24,"column":2}},"3":{"start":{"line":7,"column":36},"end":{"line":7,"column":39}},"4":{"start":{"line":8,"column":18},"end":{"line":8,"column":28}},"5":{"start":{"line":9,"column":16},"end":{"line":9,"column":42}},"6":{"start":{"line":10,"column":4},"end":{"line":10,"column":21}},"7":{"start":{"line":12,"column":4},"end":{"line":20,"column":7}},"8":{"start":{"line":13,"column":6},"end":{"line":15,"column":null}},"9":{"start":{"line":14,"column":8},"end":{"line":14,"column":15}},"10":{"start":{"line":17,"column":23},"end":{"line":17,"column":41}},"11":{"start":{"line":18,"column":18},"end":{"line":18,"column":76}},"12":{"start":{"line":19,"column":6},"end":{"line":19,"column":26}},"13":{"start":{"line":22,"column":4},"end":{"line":22,"column":11}}},"fnMap":{"0":{"name":"(anonymous_0)","decl":{"start":{"line":6,"column":2},"end":{"line":6,"column":7}},"loc":{"start":{"line":6,"column":60},"end":{"line":23,"column":3}}},"1":{"name":"(anonymous_1)","decl":{"start":{"line":12,"column":21},"end":{"line":12,"column":24}},"loc":{"start":{"line":12,"column":26},"end":{"line":20,"column":5}}}},"branchMap":{"0":{"loc":{"start":{"line":13,"column":6},"end":{"line":15,"column":null}},"type":"if","locations":[{"start":{"line":13,"column":6},"end":{"line":15,"column":null}}]}},"s":{"0":0,"1":0,"2":0,"3":0,"4":0,"5":0,"6":0,"7":0,"8":0,"9":0,"10":0,"11":0,"12":0,"13":0},"f":{"0":0,"1":0},"b":{"0":[0]}}
,"C:\\dev\\DuckMap\\backend\\src\\services\\dataService.ts": {"path":"C:\\dev\\DuckMap\\backend\\src\\services\\dataService.ts","statementMap":{"0":{"start":{"line":1,"column":0},"end":{"line":1,"column":24}},"1":{"start":{"line":2,"column":0},"end":{"line":2,"column":20}},"2":{"start":{"line":4,"column":21},"end":{"line":4,"column":63}},"3":{"start":{"line":7,"column":2},"end":{"line":12,"column":5}},"4":{"start":{"line":8,"column":4},"end":{"line":11,"column":7}},"5":{"start":{"line":9,"column":6},"end":{"line":10,"column":37}},"6":{"start":{"line":9,"column":15},"end":{"line":9,"column":27}},"7":{"start":{"line":10,"column":11},"end":{"line":10,"column":37}},"8":{"start":{"line":6,"column":0},"end":{"line":6,"column":7}}},"fnMap":{"0":{"name":"getData","decl":{"start":{"line":6,"column":22},"end":{"line":6,"column":29}},"loc":{"start":{"line":6,"column":29},"end":{"line":13,"column":1}}},"1":{"name":"(anonymous_2)","decl":{"start":{"line":7,"column":21},"end":{"line":7,"column":22}},"loc":{"start":{"line":7,"column":36},"end":{"line":12,"column":3}}},"2":{"name":"(anonymous_3)","decl":{"start":{"line":8,"column":38},"end":{"line":8,"column":39}},"loc":{"start":{"line":8,"column":52},"end":{"line":11,"column":5}}}},"branchMap":{"0":{"loc":{"start":{"line":9,"column":6},"end":{"line":10,"column":37}},"type":"if","locations":[{"start":{"line":9,"column":6},"end":{"line":10,"column":37}},{"start":{"line":10,"column":11},"end":{"line":10,"column":37}}]}},"s":{"0":1,"1":1,"2":1,"3":1,"4":1,"5":1,"6":1,"7":0,"8":1},"f":{"0":1,"1":1,"2":1},"b":{"0":[1,0]}}
,"C:\\dev\\DuckMap\\backend\\src\\services\\errorService.ts": {"path":"C:\\dev\\DuckMap\\backend\\src\\services\\errorService.ts","statementMap":{"0":{"start":{"line":3,"column":0},"end":{"line":3,"column":41}},"1":{"start":{"line":14,"column":4},"end":{"line":14,"column":19}},"2":{"start":{"line":16,"column":4},"end":{"line":16,"column":33}},"3":{"start":{"line":17,"column":4},"end":{"line":17,"column":69}},"4":{"start":{"line":18,"column":4},"end":{"line":18,"column":30}},"5":{"start":{"line":19,"column":4},"end":{"line":19,"column":21}},"6":{"start":{"line":21,"column":4},"end":{"line":21,"column":52}},"7":{"start":{"line":110,"column":9},"end":{"line":110,"column":17}},"8":{"start":{"line":26,"column":21},"end":{"line":93,"column":1}},"9":{"start":{"line":27,"column":2},"end":{"line":27,"column":41}},"10":{"start":{"line":28,"column":2},"end":{"line":28,"column":37}},"11":{"start":{"line":31,"column":23},"end":{"line":31,"column":71}},"12":{"start":{"line":32,"column":20},"end":{"line":32,"column":58}},"13":{"start":{"line":33,"column":4},"end":{"line":33,"column":38}},"14":{"start":{"line":37,"column":25},"end":{"line":37,"column":28}},"15":{"start":{"line":38,"column":25},"end":{"line":38,"column":52}},"16":{"start":{"line":39,"column":20},"end":{"line":39,"column":81}},"17":{"start":{"line":40,"column":4},"end":{"line":40,"column":38}},"18":{"start":{"line":44,"column":24},"end":{"line":44,"column":27}},"19":{"start":{"line":45,"column":4},"end":{"line":45,"column":38}},"20":{"start":{"line":49,"column":4},"end":{"line":54,"column":7}},"21":{"start":{"line":58,"column":4},"end":{"line":68,"column":null}},"22":{"start":{"line":59,"column":6},"end":{"line":62,"column":9}},"23":{"start":{"line":64,"column":6},"end":{"line":67,"column":9}},"24":{"start":{"line":72,"column":4},"end":{"line":72,"column":68}},"25":{"start":{"line":76,"column":4},"end":{"line":76,"column":77}},"26":{"start":{"line":79,"column":16},"end":{"line":79,"column":53}},"27":{"start":{"line":80,"column":2},"end":{"line":90,"column":null}},"28":{"start":{"line":81,"column":4},"end":{"line":81,"column":27}},"29":{"start":{"line":83,"column":16},"end":{"line":83,"column":64}},"30":{"start":{"line":84,"column":4},"end":{"line":84,"column":69}},"31":{"start":{"line":84,"column":36},"end":{"line":84,"column":69}},"32":{"start":{"line":85,"column":4},"end":{"line":85,"column":69}},"33":{"start":{"line":85,"column":30},"end":{"line":85,"column":69}},"34":{"start":{"line":86,"column":4},"end":{"line":86,"column":81}},"35":{"start":{"line":86,"column":42},"end":{"line":86,"column":81}},"36":{"start":{"line":87,"column":4},"end":{"line":87,"column":69}},"37":{"start":{"line":87,"column":44},"end":{"line":87,"column":69}},"38":{"start":{"line":88,"column":4},"end":{"line":88,"column":76}},"39":{"start":{"line":88,"column":44},"end":{"line":88,"column":76}},"40":{"start":{"line":89,"column":4},"end":{"line":89,"column":30}},"41":{"start":{"line":92,"column":2},"end":{"line":92,"column":28}},"42":{"start":{"line":110,"column":19},"end":{"line":110,"column":31}},"43":{"start":{"line":95,"column":26},"end":{"line":99,"column":1}},"44":{"start":{"line":96,"column":2},"end":{"line":98,"column":4}},"45":{"start":{"line":97,"column":4},"end":{"line":97,"column":56}},"46":{"start":{"line":97,"column":45},"end":{"line":97,"column":54}},"47":{"start":{"line":110,"column":33},"end":{"line":110,"column":50}},"48":{"start":{"line":101,"column":33},"end":{"line":108,"column":1}},"49":{"start":{"line":102,"column":2},"end":{"line":107,"column":null}},"50":{"start":{"line":103,"column":4},"end":{"line":106,"column":6}},"51":{"start":{"line":110,"column":52},"end":{"line":110,"column":76}}},"fnMap":{"0":{"name":"(anonymous_0)","decl":{"start":{"line":13,"column":2},"end":{"line":13,"column":14}},"loc":{"start":{"line":13,"column":64},"end":{"line":22,"column":3}}},"1":{"name":"(anonymous_1)","decl":{"start":{"line":26,"column":21},"end":{"line":26,"column":22}},"loc":{"start":{"line":26,"column":89},"end":{"line":93,"column":1}}},"2":{"name":"handleCastErrorDB","decl":{"start":{"line":30,"column":11},"end":{"line":30,"column":28}},"loc":{"start":{"line":30,"column":37},"end":{"line":34,"column":3}}},"3":{"name":"handleDuplicateFieldsDB","decl":{"start":{"line":36,"column":11},"end":{"line":36,"column":34}},"loc":{"start":{"line":36,"column":43},"end":{"line":41,"column":3}}},"4":{"name":"handleValidationErrorDB","decl":{"start":{"line":43,"column":11},"end":{"line":43,"column":34}},"loc":{"start":{"line":43,"column":43},"end":{"line":46,"column":3}}},"5":{"name":"sendErrorDev","decl":{"start":{"line":48,"column":11},"end":{"line":48,"column":23}},"loc":{"start":{"line":48,"column":52},"end":{"line":55,"column":3}}},"6":{"name":"sendErrorProd","decl":{"start":{"line":57,"column":11},"end":{"line":57,"column":24}},"loc":{"start":{"line":57,"column":53},"end":{"line":69,"column":3}}},"7":{"name":"handleJWTError","decl":{"start":{"line":71,"column":11},"end":{"line":71,"column":25}},"loc":{"start":{"line":71,"column":25},"end":{"line":73,"column":3}}},"8":{"name":"handleJWTExpiredError","decl":{"start":{"line":75,"column":11},"end":{"line":75,"column":32}},"loc":{"start":{"line":75,"column":32},"end":{"line":77,"column":3}}},"9":{"name":"(anonymous_9)","decl":{"start":{"line":95,"column":26},"end":{"line":95,"column":27}},"loc":{"start":{"line":95,"column":57},"end":{"line":99,"column":1}}},"10":{"name":"(anonymous_10)","decl":{"start":{"line":96,"column":9},"end":{"line":96,"column":10}},"loc":{"start":{"line":96,"column":61},"end":{"line":98,"column":3}}},"11":{"name":"(anonymous_11)","decl":{"start":{"line":97,"column":29},"end":{"line":97,"column":30}},"loc":{"start":{"line":97,"column":45},"end":{"line":97,"column":54}}},"12":{"name":"(anonymous_12)","decl":{"start":{"line":101,"column":33},"end":{"line":101,"column":34}},"loc":{"start":{"line":101,"column":50},"end":{"line":108,"column":1}}}},"branchMap":{"0":{"loc":{"start":{"line":17,"column":18},"end":{"line":17,"column":68}},"type":"cond-expr","locations":[{"start":{"line":17,"column":52},"end":{"line":17,"column":58}},{"start":{"line":17,"column":61},"end":{"line":17,"column":68}}]},"1":{"loc":{"start":{"line":27,"column":19},"end":{"line":27,"column":40}},"type":"binary-expr","locations":[{"start":{"line":27,"column":19},"end":{"line":27,"column":33}},{"start":{"line":27,"column":37},"end":{"line":27,"column":40}}]},"2":{"loc":{"start":{"line":28,"column":15},"end":{"line":28,"column":36}},"type":"binary-expr","locations":[{"start":{"line":28,"column":15},"end":{"line":28,"column":25}},{"start":{"line":28,"column":29},"end":{"line":28,"column":36}}]},"3":{"loc":{"start":{"line":31,"column":23},"end":{"line":31,"column":71}},"type":"cond-expr","locations":[{"start":{"line":31,"column":44},"end":{"line":31,"column":48}},{"start":{"line":31,"column":52},"end":{"line":31,"column":71}}]},"4":{"loc":{"start":{"line":58,"column":4},"end":{"line":68,"column":null}},"type":"if","locations":[{"start":{"line":58,"column":4},"end":{"line":68,"column":null}},{"start":{"line":63,"column":11},"end":{"line":68,"column":null}}]},"5":{"loc":{"start":{"line":80,"column":2},"end":{"line":90,"column":null}},"type":"if","locations":[{"start":{"line":80,"column":2},"end":{"line":90,"column":null}},{"start":{"line":82,"column":9},"end":{"line":90,"column":null}}]},"6":{"loc":{"start":{"line":84,"column":4},"end":{"line":84,"column":69}},"type":"if","locations":[{"start":{"line":84,"column":4},"end":{"line":84,"column":69}}]},"7":{"loc":{"start":{"line":85,"column":4},"end":{"line":85,"column":69}},"type":"if","locations":[{"start":{"line":85,"column":4},"end":{"line":85,"column":69}}]},"8":{"loc":{"start":{"line":86,"column":4},"end":{"line":86,"column":81}},"type":"if","locations":[{"start":{"line":86,"column":4},"end":{"line":86,"column":81}}]},"9":{"loc":{"start":{"line":87,"column":4},"end":{"line":87,"column":69}},"type":"if","locations":[{"start":{"line":87,"column":4},"end":{"line":87,"column":69}}]},"10":{"loc":{"start":{"line":88,"column":4},"end":{"line":88,"column":76}},"type":"if","locations":[{"start":{"line":88,"column":4},"end":{"line":88,"column":76}}]},"11":{"loc":{"start":{"line":102,"column":2},"end":{"line":107,"column":null}},"type":"if","locations":[{"start":{"line":102,"column":2},"end":{"line":107,"column":null}}]}},"s":{"0":0,"1":0,"2":0,"3":0,"4":0,"5":0,"6":0,"7":0,"8":0,"9":0,"10":0,"11":0,"12":0,"13":0,"14":0,"15":0,"16":0,"17":0,"18":0,"19":0,"20":0,"21":0,"22":0,"23":0,"24":0,"25":0,"26":0,"27":0,"28":0,"29":0,"30":0,"31":0,"32":0,"33":0,"34":0,"35":0,"36":0,"37":0,"38":0,"39":0,"40":0,"41":0,"42":0,"43":0,"44":0,"45":0,"46":0,"47":0,"48":0,"49":0,"50":0,"51":0},"f":{"0":0,"1":0,"2":0,"3":0,"4":0,"5":0,"6":0,"7":0,"8":0,"9":0,"10":0,"11":0,"12":0},"b":{"0":[0,0],"1":[0,0],"2":[0,0],"3":[0,0],"4":[0,0],"5":[0,0],"6":[0],"7":[0],"8":[0],"9":[0],"10":[0],"11":[0]}}
,"C:\\dev\\DuckMap\\backend\\src\\services\\loggerService.ts": {"path":"C:\\dev\\DuckMap\\backend\\src\\services\\loggerService.ts","statementMap":{"0":{"start":{"line":3,"column":0},"end":{"line":3,"column":20}},"1":{"start":{"line":4,"column":0},"end":{"line":4,"column":37}},"2":{"start":{"line":6,"column":16},"end":{"line":6,"column":24}},"3":{"start":{"line":7,"column":0},"end":{"line":9,"column":null}},"4":{"start":{"line":8,"column":2},"end":{"line":8,"column":24}},"5":{"start":{"line":13,"column":14},"end":{"line":13,"column":24}},"6":{"start":{"line":14,"column":2},"end":{"line":14,"column":34}},"7":{"start":{"line":18,"column":2},"end":{"line":18,"column":56}},"8":{"start":{"line":22,"column":15},"end":{"line":23,"column":null}},"9":{"start":{"line":23,"column":4},"end":{"line":23,"column":71}},"10":{"start":{"line":26,"column":13},"end":{"line":26,"column":29}},"11":{"start":{"line":28,"column":2},"end":{"line":28,"column":47}},"12":{"start":{"line":29,"column":2},"end":{"line":45,"column":null}},"13":{"start":{"line":31,"column":6},"end":{"line":31,"column":40}},"14":{"start":{"line":32,"column":6},"end":{"line":32,"column":12}},"15":{"start":{"line":34,"column":6},"end":{"line":34,"column":38}},"16":{"start":{"line":35,"column":6},"end":{"line":35,"column":12}},"17":{"start":{"line":37,"column":6},"end":{"line":37,"column":37}},"18":{"start":{"line":38,"column":6},"end":{"line":38,"column":12}},"19":{"start":{"line":40,"column":6},"end":{"line":40,"column":39}},"20":{"start":{"line":41,"column":6},"end":{"line":41,"column":12}},"21":{"start":{"line":43,"column":6},"end":{"line":43,"column":36}},"22":{"start":{"line":44,"column":6},"end":{"line":44,"column":12}},"23":{"start":{"line":46,"column":2},"end":{"line":46,"column":20}},"24":{"start":{"line":47,"column":2},"end":{"line":49,"column":5}},"25":{"start":{"line":48,"column":4},"end":{"line":48,"column":76}},"26":{"start":{"line":48,"column":13},"end":{"line":48,"column":76}},"27":{"start":{"line":53,"column":2},"end":{"line":53,"column":52}},"28":{"start":{"line":53,"column":45},"end":{"line":53,"column":52}},"29":{"start":{"line":54,"column":2},"end":{"line":54,"column":26}},"30":{"start":{"line":58,"column":2},"end":{"line":58,"column":25}},"31":{"start":{"line":62,"column":2},"end":{"line":62,"column":28}},"32":{"start":{"line":66,"column":2},"end":{"line":66,"column":25}},"33":{"start":{"line":70,"column":2},"end":{"line":70,"column":26}},"34":{"start":{"line":73,"column":13},"end":{"line":79,"column":2}}},"fnMap":{"0":{"name":"getTime","decl":{"start":{"line":12,"column":9},"end":{"line":12,"column":16}},"loc":{"start":{"line":12,"column":16},"end":{"line":15,"column":1}}},"1":{"name":"isError","decl":{"start":{"line":17,"column":9},"end":{"line":17,"column":16}},"loc":{"start":{"line":17,"column":23},"end":{"line":19,"column":1}}},"2":{"name":"doLog","decl":{"start":{"line":21,"column":9},"end":{"line":21,"column":14}},"loc":{"start":{"line":21,"column":83},"end":{"line":50,"column":1}}},"3":{"name":"(anonymous_4)","decl":{"start":{"line":22,"column":24},"end":{"line":22,"column":27}},"loc":{"start":{"line":23,"column":4},"end":{"line":23,"column":71}}},"4":{"name":"(anonymous_5)","decl":{"start":{"line":47,"column":44},"end":{"line":47,"column":45}},"loc":{"start":{"line":47,"column":57},"end":{"line":49,"column":3}}},"5":{"name":"debug","decl":{"start":{"line":52,"column":9},"end":{"line":52,"column":14}},"loc":{"start":{"line":52,"column":32},"end":{"line":55,"column":1}}},"6":{"name":"info","decl":{"start":{"line":57,"column":9},"end":{"line":57,"column":13}},"loc":{"start":{"line":57,"column":28},"end":{"line":59,"column":1}}},"7":{"name":"success","decl":{"start":{"line":61,"column":9},"end":{"line":61,"column":16}},"loc":{"start":{"line":61,"column":31},"end":{"line":63,"column":1}}},"8":{"name":"warn","decl":{"start":{"line":65,"column":9},"end":{"line":65,"column":13}},"loc":{"start":{"line":65,"column":28},"end":{"line":67,"column":1}}},"9":{"name":"error","decl":{"start":{"line":69,"column":9},"end":{"line":69,"column":14}},"loc":{"start":{"line":69,"column":45},"end":{"line":71,"column":1}}}},"branchMap":{"0":{"loc":{"start":{"line":7,"column":0},"end":{"line":9,"column":null}},"type":"if","locations":[{"start":{"line":7,"column":0},"end":{"line":9,"column":null}}]},"1":{"loc":{"start":{"line":18,"column":9},"end":{"line":18,"column":55}},"type":"binary-expr","locations":[{"start":{"line":18,"column":9},"end":{"line":18,"column":27}},{"start":{"line":18,"column":31},"end":{"line":18,"column":40}},{"start":{"line":18,"column":44},"end":{"line":18,"column":55}}]},"2":{"loc":{"start":{"line":23,"column":4},"end":{"line":23,"column":71}},"type":"cond-expr","locations":[{"start":{"line":23,"column":46},"end":{"line":23,"column":49}},{"start":{"line":23,"column":52},"end":{"line":23,"column":71}}]},"3":{"loc":{"start":{"line":23,"column":4},"end":{"line":23,"column":43}},"type":"binary-expr","locations":[{"start":{"line":23,"column":4},"end":{"line":23,"column":27}},{"start":{"line":23,"column":31},"end":{"line":23,"column":43}}]},"4":{"loc":{"start":{"line":29,"column":2},"end":{"line":45,"column":null}},"type":"switch","locations":[{"start":{"line":30,"column":4},"end":{"line":32,"column":12}},{"start":{"line":33,"column":4},"end":{"line":35,"column":12}},{"start":{"line":36,"column":4},"end":{"line":38,"column":12}},{"start":{"line":39,"column":4},"end":{"line":41,"column":12}},{"start":{"line":42,"column":4},"end":{"line":44,"column":12}}]},"5":{"loc":{"start":{"line":48,"column":4},"end":{"line":48,"column":76}},"type":"if","locations":[{"start":{"line":48,"column":4},"end":{"line":48,"column":76}}]},"6":{"loc":{"start":{"line":53,"column":2},"end":{"line":53,"column":52}},"type":"if","locations":[{"start":{"line":53,"column":2},"end":{"line":53,"column":52}}]}},"s":{"0":0,"1":0,"2":0,"3":0,"4":0,"5":0,"6":0,"7":0,"8":0,"9":0,"10":0,"11":0,"12":0,"13":0,"14":0,"15":0,"16":0,"17":0,"18":0,"19":0,"20":0,"21":0,"22":0,"23":0,"24":0,"25":0,"26":0,"27":0,"28":0,"29":0,"30":0,"31":0,"32":0,"33":0,"34":0},"f":{"0":0,"1":0,"2":0,"3":0,"4":0,"5":0,"6":0,"7":0,"8":0,"9":0},"b":{"0":[0],"1":[0,0,0],"2":[0,0],"3":[0,0],"4":[0,0,0,0,0],"5":[0],"6":[0]}}
,"C:\\dev\\DuckMap\\backend\\src\\services\\rateLimiterService.ts": {"path":"C:\\dev\\DuckMap\\backend\\src\\services\\rateLimiterService.ts","statementMap":{"0":{"start":{"line":1,"column":0},"end":{"line":1,"column":43}},"1":{"start":{"line":4,"column":26},"end":{"line":8,"column":2}},"2":{"start":{"line":10,"column":27},"end":{"line":14,"column":2}},"3":{"start":{"line":16,"column":28},"end":{"line":20,"column":2}},"4":{"start":{"line":22,"column":29},"end":{"line":26,"column":2}},"5":{"start":{"line":28,"column":27},"end":{"line":32,"column":2}},"6":{"start":{"line":48,"column":9},"end":{"line":48,"column":27}},"7":{"start":{"line":34,"column":23},"end":{"line":46,"column":1}},"8":{"start":{"line":35,"column":2},"end":{"line":45,"column":null}},"9":{"start":{"line":36,"column":4},"end":{"line":36,"column":38}},"10":{"start":{"line":37,"column":9},"end":{"line":45,"column":null}},"11":{"start":{"line":38,"column":4},"end":{"line":38,"column":39}},"12":{"start":{"line":39,"column":9},"end":{"line":45,"column":null}},"13":{"start":{"line":40,"column":4},"end":{"line":40,"column":40}},"14":{"start":{"line":41,"column":9},"end":{"line":45,"column":null}},"15":{"start":{"line":42,"column":4},"end":{"line":42,"column":41}},"16":{"start":{"line":44,"column":4},"end":{"line":44,"column":11}},"17":{"start":{"line":48,"column":29},"end":{"line":48,"column":43}}},"fnMap":{"0":{"name":"(anonymous_1)","decl":{"start":{"line":34,"column":23},"end":{"line":34,"column":24}},"loc":{"start":{"line":34,"column":66},"end":{"line":46,"column":1}}}},"branchMap":{"0":{"loc":{"start":{"line":35,"column":2},"end":{"line":45,"column":null}},"type":"if","locations":[{"start":{"line":35,"column":2},"end":{"line":45,"column":null}},{"start":{"line":37,"column":9},"end":{"line":45,"column":null}}]},"1":{"loc":{"start":{"line":37,"column":9},"end":{"line":45,"column":null}},"type":"if","locations":[{"start":{"line":37,"column":9},"end":{"line":45,"column":null}},{"start":{"line":39,"column":9},"end":{"line":45,"column":null}}]},"2":{"loc":{"start":{"line":39,"column":9},"end":{"line":45,"column":null}},"type":"if","locations":[{"start":{"line":39,"column":9},"end":{"line":45,"column":null}},{"start":{"line":41,"column":9},"end":{"line":45,"column":null}}]},"3":{"loc":{"start":{"line":41,"column":9},"end":{"line":45,"column":null}},"type":"if","locations":[{"start":{"line":41,"column":9},"end":{"line":45,"column":null}},{"start":{"line":43,"column":9},"end":{"line":45,"column":null}}]}},"s":{"0":0,"1":0,"2":0,"3":0,"4":0,"5":0,"6":0,"7":0,"8":0,"9":0,"10":0,"11":0,"12":0,"13":0,"14":0,"15":0,"16":0,"17":0},"f":{"0":0},"b":{"0":[0,0],"1":[0,0],"2":[0,0],"3":[0,0]}}
}
